[2026-04-17T19:24:23.498Z] Worker starting...
[2026-04-17T19:24:23.498Z] Session ID: primary
[2026-04-17T19:24:23.498Z] Pairing: false
[2026-04-17T19:24:23.498Z] Phone: 
[2026-04-17T19:24:23.498Z] Importing makeWASocket...
[2026-04-17T19:24:23.499Z] makeWASocket imported
[2026-04-17T19:24:23.499Z] Importing Baileys...
[2026-04-17T19:24:23.500Z] Baileys imported successfully
[2026-04-17T19:24:23.500Z] Setting up logger and store...
[2026-04-17T19:24:23.503Z] Setting up database...
[2026-04-17T19:24:23.503Z] Loading database...
[2026-04-17T19:24:23.506Z] Database loaded
[2026-04-17T19:24:23.506Z] Setting up auth state...
[2026-04-17T19:24:23.509Z] Auth state loaded
[2026-04-17T19:24:23.991Z] Creating connection options...
[2026-04-17T19:24:23.994Z] Creating WhatsApp socket...
[2026-04-17T19:24:24.008Z] WhatsApp socket created
[2026-04-17T19:24:24.008Z] Importing handler module...
[2026-04-17T19:24:24.013Z] Handler module imported
[2026-04-17T19:24:24.014Z] Setting up event listeners...
[2026-04-17T19:24:24.014Z] Event listeners configured
[2026-04-17T19:24:24.014Z] Worker initialized successfully - sending status
